Trying to determine game version...
Address: 0x177F504, data: 0xA0EC81, size: 4
Address: 0x177F504, data: 0xDEFDF2E8, size: 4
Game version is: 1.0US
Initialising hooks addresses...
Preload plugins data...
Registering hooks...
Address: 0x53C0DF, data: 0xE8, size: 1
Address: 0x53C0E0, data: 0x63C557FC, size: 4
Address: 0x469376, data: 0xE8, size: 1
Address: 0x469377, data: 0x63D286C5, size: 4
Address: 0x53E9FE, data: 0xE8, size: 1
Address: 0x53E9FF, data: 0x63C53A6D, size: 4
Address: 0x52B90A, data: 0xE8, size: 1
Address: 0x52B90B, data: 0x63C659E1, size: 4
Address: 0x53BEF0, data: 0xE8, size: 1
Address: 0x53BEF1, data: 0x63C553CB, size: 4
Address: 0x53C110, data: 0xE8, size: 1
Address: 0x53C111, data: 0x63C5517B, size: 4
Address: 0x5E8A29, data: 0xE9, size: 1
Address: 0x5E8A2A, data: 0x63BA8912, size: 4
Address: 0x7489D9, data: 0xE8, size: 1
Address: 0x7489DA, data: 0x63A48E82, size: 4
Address: 0x5E7680, data: 0xE9, size: 1
Address: 0x5E7681, data: 0x63BA9D1B, size: 4
Address: 0x619B6C, data: 0xE8, size: 1
Address: 0x619B6D, data: 0x63B7967F, size: 4
Address: 0x53C907, data: 0xE8, size: 1
Address: 0x53C908, data: 0x63C54FF4, size: 4
Address: 0x53DFDD, data: 0xE8, size: 1
Address: 0x53DFDE, data: 0x63C551DE, size: 4
Successfully loaded Hooks.asi
Address: 0x551107, data: 0x4E20, size: 4
Detaching...
